<?xml version="1.0" encoding="UTF-8"?>
<!-- Generated by org.testng.reporters.JUnitReportReporter -->
<testsuite hostname="user-PC" failures="0" tests="1" name="com.medsol.testcases.TC_Frontcms_noticeboard_delete" time="19.947" errors="0" timestamp="2023-02-28T12:10:39 IST" skipped="0">
  <testcase classname="com.medsol.testcases.TC_Frontcms_noticeboard_delete" name="Frontcms_noticeboardpagetest" time="19.947"/>
  <system-out/>
</testsuite> <!-- com.medsol.testcases.TC_Frontcms_noticeboard_delete -->
