<?xml version="1.0" encoding="UTF-8"?>
<!-- Generated by org.testng.reporters.JUnitReportReporter -->
<testsuite hostname="user-PC" failures="0" tests="1" name="com.medsol.testcases.TC_Vaccination_vaccinated_patients_delete" time="15.294" errors="0" timestamp="2023-03-17T11:25:45 IST" skipped="0">
  <testcase classname="com.medsol.testcases.TC_Vaccination_vaccinated_patients_delete" name="Vaccinations_vaccinated_patientspagetest" time="15.294"/>
  <system-out/>
</testsuite> <!-- com.medsol.testcases.TC_Vaccination_vaccinated_patients_delete -->
