<?xml version="1.0" encoding="UTF-8"?>
<!-- Generated by org.testng.reporters.JUnitReportReporter -->
<testsuite hostname="user-PC" failures="0" tests="1" name="com.medsol.testcases.TC_Hospitalcharges_charges_delete" time="25.435" errors="0" timestamp="2023-03-02T13:32:14 IST" skipped="0">
  <testcase classname="com.medsol.testcases.TC_Hospitalcharges_charges_delete" name="Hospitalcharges_chargespage" time="25.435"/>
  <system-out/>
</testsuite> <!-- com.medsol.testcases.TC_Hospitalcharges_charges_delete -->
