<?xml version="1.0" encoding="UTF-8"?>
<!-- Generated by org.testng.reporters.JUnitReportReporter -->
<testsuite hostname="user-PC" failures="0" tests="1" name="com.medsol.testcases.TC_Settings_Currenciespage" time="26.691" errors="0" timestamp="2023-03-28T16:48:17 IST" skipped="0">
  <testcase classname="com.medsol.testcases.TC_Settings_Currenciespage" name="Settings_Currenciespagetest" time="26.691"/>
  <system-out/>
</testsuite> <!-- com.medsol.testcases.TC_Settings_Currenciespage -->
