<?xml version="1.0" encoding="UTF-8"?>
<!-- Generated by org.testng.reporters.JUnitReportReporter -->
<testsuite hostname="user-PC" failures="0" tests="1" name="com.medsol.testcases.TC_Services_ambulance_calls_created" time="18.699" errors="0" timestamp="2023-03-16T13:46:18 IST" skipped="0">
  <testcase classname="com.medsol.testcases.TC_Services_ambulance_calls_created" name="Services_ambulance_callspagetest" time="18.699"/>
  <system-out/>
</testsuite> <!-- com.medsol.testcases.TC_Services_ambulance_calls_created -->
