<?xml version="1.0" encoding="UTF-8"?>
<!-- Generated by org.testng.reporters.JUnitReportReporter -->
<testsuite hostname="user-PC" failures="0" tests="1" name="com.medsol.testcases.TC_Billings_delete" time="14.115" errors="0" timestamp="2023-02-12T22:26:36 IST" skipped="0">
  <testcase classname="com.medsol.testcases.TC_Billings_delete" name="Billingsdelete" time="14.115"/>
  <system-out/>
</testsuite> <!-- com.medsol.testcases.TC_Billings_delete -->
