<?xml version="1.0" encoding="UTF-8"?>
<!-- Generated by org.testng.reporters.JUnitReportReporter -->
<testsuite hostname="user-PC" failures="0" tests="1" name="com.medsol.testcases.TC_Bedmanagement_beds_created" time="103.061" errors="0" timestamp="2023-03-27T12:40:14 IST" skipped="0">
  <testcase classname="com.medsol.testcases.TC_Bedmanagement_beds_created" name="Bedmanagementtest" time="103.061"/>
  <system-out/>
</testsuite> <!-- com.medsol.testcases.TC_Bedmanagement_beds_created -->
