<?xml version="1.0" encoding="UTF-8"?>
<!-- Generated by org.testng.reporters.JUnitReportReporter -->
<testsuite hostname="user-PC" failures="0" tests="1" name="com.medsol.testcases.TC_Live_consultations_livemeetings_created" time="45.709" errors="0" timestamp="2023-03-29T18:21:27 IST" skipped="0">
  <testcase classname="com.medsol.testcases.TC_Live_consultations_livemeetings_created" name="Live_consultations_livemeetingspagetest" time="45.709"/>
  <system-out/>
</testsuite> <!-- com.medsol.testcases.TC_Live_consultations_livemeetings_created -->
