<?xml version="1.0" encoding="UTF-8"?>
<!-- Generated by org.testng.reporters.JUnitReportReporter -->
<testsuite hostname="user-PC" failures="0" tests="1" name="com.medsol.testcases.TC_Bloodbanktest_modified" time="12.798" errors="0" timestamp="2023-02-13T16:42:07 IST" skipped="0">
  <testcase classname="com.medsol.testcases.TC_Bloodbanktest_modified" name="Bloodbanktest" time="12.798"/>
  <system-out/>
</testsuite> <!-- com.medsol.testcases.TC_Bloodbanktest_modified -->
