<?xml version="1.0" encoding="UTF-8"?>
<!-- Generated by org.testng.reporters.JUnitReportReporter -->
<testsuite hostname="user-PC" failures="0" tests="1" name="com.medsol.testcases.TC_Services_insurances_delete" time="18.492" errors="0" timestamp="2023-03-15T13:26:15 IST" skipped="0">
  <testcase classname="com.medsol.testcases.TC_Services_insurances_delete" name="Services_insurancespagetest" time="18.492"/>
  <system-out/>
</testsuite> <!-- com.medsol.testcases.TC_Services_insurances_delete -->
