<?xml version="1.0" encoding="UTF-8"?>
<!-- Generated by org.testng.reporters.JUnitReportReporter -->
<testsuite hostname="user-PC" failures="0" tests="1" name="com.medsol.testcases.TC_Frontoffice_postalreceive_delete" time="21.025" errors="0" timestamp="2023-02-24T14:52:13 IST" skipped="0">
  <testcase classname="com.medsol.testcases.TC_Frontoffice_postalreceive_delete" name="Frontoffice_postalreceivetest" time="21.025"/>
  <system-out/>
</testsuite> <!-- com.medsol.testcases.TC_Frontoffice_postalreceive_delete -->
