<?xml version="1.0" encoding="UTF-8"?>
<!-- Generated by org.testng.reporters.JUnitReportReporter -->
<testsuite hostname="user-PC" failures="0" tests="1" name="com.medsol.testcases.TC_FrontCms_termsandconditions_created" time="22.598" errors="0" timestamp="2023-03-21T18:25:01 IST" skipped="0">
  <testcase classname="com.medsol.testcases.TC_FrontCms_termsandconditions_created" name="FrontCms_cms_homepagetest" time="22.598"/>
  <system-out/>
</testsuite> <!-- com.medsol.testcases.TC_FrontCms_termsandconditions_created -->
