<?xml version="1.0" encoding="UTF-8"?>
<!-- Generated by org.testng.reporters.JUnitReportReporter -->
<testsuite hostname="user-PC" failures="0" tests="1" name="com.medsol.testcases.TC_Bloodbank_BloodDonations_modified" time="17.412" errors="0" timestamp="2023-02-17T12:28:17 IST" skipped="0">
  <testcase classname="com.medsol.testcases.TC_Bloodbank_BloodDonations_modified" name="Bloodbank_BloodDonationstest" time="17.412"/>
  <system-out/>
</testsuite> <!-- com.medsol.testcases.TC_Bloodbank_BloodDonations_modified -->
