<?xml version="1.0" encoding="UTF-8"?>
<!-- Generated by org.testng.reporters.JUnitReportReporter -->
<testsuite hostname="user-PC" failures="0" tests="1" name="com.medsol.testcases.TC_Reports_operationreports_created" time="38.935" errors="0" timestamp="2023-03-24T14:27:15 IST" skipped="0">
  <testcase classname="com.medsol.testcases.TC_Reports_operationreports_created" name="Reports_operationreportspagetest" time="38.935"/>
  <system-out/>
</testsuite> <!-- com.medsol.testcases.TC_Reports_operationreports_created -->
