<?xml version="1.0" encoding="UTF-8"?>
<!-- Generated by org.testng.reporters.JUnitReportReporter -->
<testsuite hostname="user-PC" failures="0" tests="1" name="com.medsol.testcases.TC_Vaccination_vaccinated_patients_modified" time="17.445" errors="0" timestamp="2023-03-17T11:16:12 IST" skipped="0">
  <testcase classname="com.medsol.testcases.TC_Vaccination_vaccinated_patients_modified" name="Vaccinations_vaccinated_patientspagetest" time="17.445"/>
  <system-out/>
</testsuite> <!-- com.medsol.testcases.TC_Vaccination_vaccinated_patients_modified -->
