<?xml version="1.0" encoding="UTF-8"?>
<!-- Generated by org.testng.reporters.JUnitReportReporter -->
<testsuite hostname="user-PC" failures="0" tests="1" name="com.medsol.testcases.TC_Patients_patientadmissions_created" time="26.219" errors="0" timestamp="2023-03-24T10:33:56 IST" skipped="0">
  <testcase classname="com.medsol.testcases.TC_Patients_patientadmissions_created" name="Patients_patientadmissionspagetest" time="26.219"/>
  <system-out/>
</testsuite> <!-- com.medsol.testcases.TC_Patients_patientadmissions_created -->
