<?xml version="1.0" encoding="UTF-8"?>
<!-- Generated by org.testng.reporters.JUnitReportReporter -->
<testsuite hostname="user-PC" failures="0" tests="1" name="com.medsol.testcases.TC_Finances_income_modified" time="16.902" errors="0" timestamp="2023-02-21T17:24:04 IST" skipped="0">
  <testcase classname="com.medsol.testcases.TC_Finances_income_modified" name="Finances_incomepagetest" time="16.902"/>
  <system-out/>
</testsuite> <!-- com.medsol.testcases.TC_Finances_income_modified -->
