<?xml version="1.0" encoding="UTF-8"?>
<!-- Generated by org.testng.reporters.JUnitReportReporter -->
<testsuite hostname="user-PC" failures="0" tests="1" name="com.medsol.testcases.TC_Labtechnician_created" time="40.781" errors="0" timestamp="2023-03-24T17:19:01 IST" skipped="0">
  <testcase classname="com.medsol.testcases.TC_Labtechnician_created" name="Labtechnicianpagetest" time="40.781"/>
  <system-out/>
</testsuite> <!-- com.medsol.testcases.TC_Labtechnician_created -->
