<?xml version="1.0" encoding="UTF-8"?>
<!-- Generated by org.testng.reporters.JUnitReportReporter -->
<testsuite hostname="user-PC" failures="0" tests="1" name="com.medsol.testcases.TC_Pathology_pathologytests_created" time="23.914" errors="0" timestamp="2023-03-14T13:03:13 IST" skipped="0">
  <testcase classname="com.medsol.testcases.TC_Pathology_pathologytests_created" name="Pathology_pathologytestspagetest" time="23.914"/>
  <system-out/>
</testsuite> <!-- com.medsol.testcases.TC_Pathology_pathologytests_created -->
