<?xml version="1.0" encoding="UTF-8"?>
<!-- Generated by org.testng.reporters.JUnitReportReporter -->
<testsuite hostname="user-PC" failures="0" tests="1" name="com.medsol.testcases.TC_Pathology_pathologycategory_modified" time="122.757" errors="0" timestamp="2023-03-13T18:58:37 IST" skipped="0">
  <testcase classname="com.medsol.testcases.TC_Pathology_pathologycategory_modified" name="Pathology_pathologycategorypagetest" time="122.757"/>
  <system-out/>
</testsuite> <!-- com.medsol.testcases.TC_Pathology_pathologycategory_modified -->
