<?xml version="1.0" encoding="UTF-8"?>
<!-- Generated by org.testng.reporters.JUnitReportReporter -->
<testsuite hostname="user-PC" failures="0" tests="1" name="com.medsol.testcases.TC_Services_package_created" time="31.337" errors="0" timestamp="2023-03-15T14:51:52 IST" skipped="0">
  <testcase classname="com.medsol.testcases.TC_Services_package_created" name="Services_packagepagetest" time="31.337"/>
  <system-out/>
</testsuite> <!-- com.medsol.testcases.TC_Services_package_created -->
