<?xml version="1.0" encoding="UTF-8"?>
<!-- Generated by org.testng.reporters.JUnitReportReporter -->
<testsuite hostname="user-PC" failures="0" tests="1" name="com.medsol.testcases.TC_Vaccinations_vaccinations_created" time="20.271" errors="0" timestamp="2023-03-16T17:22:43 IST" skipped="0">
  <testcase classname="com.medsol.testcases.TC_Vaccinations_vaccinations_created" name="Vaccinations_vaccinationspagetest" time="20.271"/>
  <system-out/>
</testsuite> <!-- com.medsol.testcases.TC_Vaccinations_vaccinations_created -->
