<?xml version="1.0" encoding="UTF-8"?>
<!-- Generated by org.testng.reporters.JUnitReportReporter -->
<testsuite hostname="user-PC" failures="0" tests="1" name="com.medsol.testcases.TC_Users_created" time="31.613" errors="0" timestamp="2023-03-17T15:52:47 IST" skipped="0">
  <testcase classname="com.medsol.testcases.TC_Users_created" name="Userspagetest" time="31.613"/>
  <system-out/>
</testsuite> <!-- com.medsol.testcases.TC_Users_created -->
