<?xml version="1.0" encoding="UTF-8"?>
<!-- Generated by org.testng.reporters.JUnitReportReporter -->
<testsuite hostname="user-PC" failures="0" tests="1" name="com.medsol.testcases.TC_Inventorie_Itemscategories_created" time="12.462" errors="0" timestamp="2023-03-07T16:54:16 IST" skipped="0">
  <testcase classname="com.medsol.testcases.TC_Inventorie_Itemscategories_created" name="Inventorie_Itemscategoriespagetest" time="12.462"/>
  <system-out/>
</testsuite> <!-- com.medsol.testcases.TC_Inventorie_Itemscategories_created -->
