<?xml version="1.0" encoding="UTF-8"?>
<!-- Generated by org.testng.reporters.JUnitReportReporter -->
<testsuite hostname="user-PC" failures="0" tests="1" name="com.medsol.testcases.TC_Admin_delete" time="20.549" errors="0" timestamp="2023-02-09T18:54:56 IST" skipped="0">
  <testcase classname="com.medsol.testcases.TC_Admin_delete" name="Admindelete" time="20.549"/>
  <system-out/>
</testsuite> <!-- com.medsol.testcases.TC_Admin_delete -->
