<?xml version="1.0" encoding="UTF-8"?>
<!-- Generated by org.testng.reporters.JUnitReportReporter -->
<testsuite hostname="user-PC" failures="0" tests="1" name="com.medsol.testcases.TC_Radiology_radiologytests_created" time="21.923" errors="0" timestamp="2023-03-13T16:34:56 IST" skipped="0">
  <testcase classname="com.medsol.testcases.TC_Radiology_radiologytests_created" name="Medicine_medicinepagetest" time="21.923"/>
  <system-out/>
</testsuite> <!-- com.medsol.testcases.TC_Radiology_radiologytests_created -->
