<?xml version="1.0" encoding="UTF-8"?>
<!-- Generated by org.testng.reporters.JUnitReportReporter -->
<testsuite hostname="user-PC" failures="0" tests="1" name="com.medsol.testcases.TC_Bedmanagement_delete" time="13.005" errors="0" timestamp="2023-02-13T17:08:07 IST" skipped="0">
  <testcase classname="com.medsol.testcases.TC_Bedmanagement_delete" name="Bedmanagementtest" time="13.005"/>
  <system-out/>
</testsuite> <!-- com.medsol.testcases.TC_Bedmanagement_delete -->
