<?xml version="1.0" encoding="UTF-8"?>
<!-- Generated by org.testng.reporters.JUnitReportReporter -->
<testsuite hostname="user-PC" failures="0" tests="1" name="com.medsol.testcases.TC_Vaccinations_vaccinations_delete" time="18.255" errors="0" timestamp="2023-03-16T17:56:04 IST" skipped="0">
  <testcase classname="com.medsol.testcases.TC_Vaccinations_vaccinations_delete" name="Vaccinations_vaccinationspagetest" time="18.255"/>
  <system-out/>
</testsuite> <!-- com.medsol.testcases.TC_Vaccinations_vaccinations_delete -->
