<?xml version="1.0" encoding="UTF-8"?>
<!-- Generated by org.testng.reporters.JUnitReportReporter -->
<testsuite hostname="user-PC" failures="0" tests="1" name="com.medsol.testcases.TC_Payments_modified" time="21.609" errors="0" timestamp="2023-02-13T18:51:55 IST" skipped="0">
  <testcase classname="com.medsol.testcases.TC_Payments_modified" name="Paymentstest" time="21.609"/>
  <system-out/>
</testsuite> <!-- com.medsol.testcases.TC_Payments_modified -->
