<?xml version="1.0" encoding="UTF-8"?>
<!-- Generated by org.testng.reporters.JUnitReportReporter -->
<testsuite hostname="user-PC" failures="0" tests="1" name="com.medsol.testcases.TC_Bloodbank_Blooddonor_delete" time="19.094" errors="0" timestamp="2023-02-16T18:12:26 IST" skipped="0">
  <testcase classname="com.medsol.testcases.TC_Bloodbank_Blooddonor_delete" name="Bloodbank_Blooddonortest" time="19.094"/>
  <system-out/>
</testsuite> <!-- com.medsol.testcases.TC_Bloodbank_Blooddonor_delete -->
