<?xml version="1.0" encoding="UTF-8"?>
<!-- Generated by org.testng.reporters.JUnitReportReporter -->
<testsuite hostname="user-PC" failures="0" tests="1" name="com.medsol.testcases.TC_Medicine_medicine_delete" time="18.730" errors="0" timestamp="2023-03-13T14:11:46 IST" skipped="0">
  <testcase classname="com.medsol.testcases.TC_Medicine_medicine_delete" name="Medicine_medicinepagetest" time="18.730"/>
  <system-out/>
</testsuite> <!-- com.medsol.testcases.TC_Medicine_medicine_delete -->
