<?xml version="1.0" encoding="UTF-8"?>
<!-- Generated by org.testng.reporters.JUnitReportReporter -->
<testsuite hostname="user-PC" failures="0" tests="1" name="com.medsol.testcases.TC_Settings_Hospital_schedule_created" time="25.893" errors="0" timestamp="2023-03-28T14:22:54 IST" skipped="0">
  <testcase classname="com.medsol.testcases.TC_Settings_Hospital_schedule_created" name="Settings_Hospital_schedulepagetest" time="25.893"/>
  <system-out/>
</testsuite> <!-- com.medsol.testcases.TC_Settings_Hospital_schedule_created -->
