<?xml version="1.0" encoding="UTF-8"?>
<!-- Generated by org.testng.reporters.JUnitReportReporter -->
<testsuite hostname="user-PC" failures="0" tests="1" name="com.medsol.testcases.TC_Medicine_medicinebrand_modified" time="58.366" errors="0" timestamp="2023-03-10T17:25:05 IST" skipped="0">
  <testcase classname="com.medsol.testcases.TC_Medicine_medicinebrand_modified" name="Medicine_medicinebrandpagetest" time="58.366"/>
  <system-out/>
</testsuite> <!-- com.medsol.testcases.TC_Medicine_medicinebrand_modified -->
