<?xml version="1.0" encoding="UTF-8"?>
<!-- Generated by org.testng.reporters.JUnitReportReporter -->
<testsuite hostname="user-PC" failures="0" tests="1" name="com.medsol.testcases.TC_Frontcms_testimonials_delete" time="14.962" errors="0" timestamp="2023-02-28T14:29:02 IST" skipped="0">
  <testcase classname="com.medsol.testcases.TC_Frontcms_testimonials_delete" name="Frontcms_testimonialspagetest" time="14.962"/>
  <system-out/>
</testsuite> <!-- com.medsol.testcases.TC_Frontcms_testimonials_delete -->
