<?xml version="1.0" encoding="UTF-8"?>
<!-- Generated by org.testng.reporters.JUnitReportReporter -->
<testsuite hostname="user-PC" failures="0" tests="1" name="com.medsol.testcases.TC_Document_modified" time="36.615" errors="0" timestamp="2023-02-14T19:28:31 IST" skipped="0">
  <testcase classname="com.medsol.testcases.TC_Document_modified" name="Documenttest" time="36.615"/>
  <system-out/>
</testsuite> <!-- com.medsol.testcases.TC_Document_modified -->
