<?xml version="1.0" encoding="UTF-8"?>
<!-- Generated by org.testng.reporters.JUnitReportReporter -->
<testsuite hostname="user-PC" failures="0" tests="1" name="com.medsol.testcases.TC_Billings_Advancepayment_modified" time="18.179" errors="0" timestamp="2023-02-15T13:45:48 IST" skipped="0">
  <testcase classname="com.medsol.testcases.TC_Billings_Advancepayment_modified" name="Billings_Advancepaymenttest" time="18.179"/>
  <system-out/>
</testsuite> <!-- com.medsol.testcases.TC_Billings_Advancepayment_modified -->
