<?xml version="1.0" encoding="UTF-8"?>
<!-- Generated by org.testng.reporters.JUnitReportReporter -->
<testsuite hostname="user-PC" failures="0" tests="1" name="com.medsol.testcases.TC_Logintest_created" time="8.699" errors="0" timestamp="2023-03-10T14:06:50 IST" skipped="0">
  <testcase classname="com.medsol.testcases.TC_Logintest_created" name="logintest" time="8.699"/>
  <system-out/>
</testsuite> <!-- com.medsol.testcases.TC_Logintest_created -->
