<?xml version="1.0" encoding="UTF-8"?>
<!-- Generated by org.testng.reporters.JUnitReportReporter -->
<testsuite hostname="user-PC" failures="0" tests="1" name="com.medsol.testcases.TC_Inventories_item_stocks_created" time="21.210" errors="0" timestamp="2023-03-09T12:20:16 IST" skipped="0">
  <testcase classname="com.medsol.testcases.TC_Inventories_item_stocks_created" name="Inventories_item_stockspagetest" time="21.210"/>
  <system-out/>
</testsuite> <!-- com.medsol.testcases.TC_Inventories_item_stocks_created -->
