<?xml version="1.0" encoding="UTF-8"?>
<!-- Generated by org.testng.reporters.JUnitReportReporter -->
<testsuite hostname="user-PC" failures="0" tests="1" name="com.medsol.testcases.TC_Inventories_item_delete" time="21.681" errors="0" timestamp="2023-03-09T11:06:25 IST" skipped="0">
  <testcase classname="com.medsol.testcases.TC_Inventories_item_delete" name="Inventories_itempagetest" time="21.681"/>
  <system-out/>
</testsuite> <!-- com.medsol.testcases.TC_Inventories_item_delete -->
