<?xml version="1.0" encoding="UTF-8"?>
<!-- Generated by org.testng.reporters.JUnitReportReporter -->
<testsuite hostname="user-PC" failures="0" tests="1" name="com.medsol.testcases.TC_Inventories_issued_items_delete" time="16.787" errors="0" timestamp="2023-03-09T18:49:29 IST" skipped="0">
  <testcase classname="com.medsol.testcases.TC_Inventories_issued_items_delete" name="Inventories_issued_itemspagetest" time="16.787"/>
  <system-out/>
</testsuite> <!-- com.medsol.testcases.TC_Inventories_issued_items_delete -->
