<?xml version="1.0" encoding="UTF-8"?>
<!-- Generated by org.testng.reporters.JUnitReportReporter -->
<testsuite hostname="user-PC" failures="0" tests="1" name="com.medsol.testcases.TC_Services_services_modified" time="17.002" errors="0" timestamp="2023-03-14T15:30:09 IST" skipped="0">
  <testcase classname="com.medsol.testcases.TC_Services_services_modified" name="Pathology_pathologytestspagetest" time="17.002"/>
  <system-out/>
</testsuite> <!-- com.medsol.testcases.TC_Services_services_modified -->
