<?xml version="1.0" encoding="UTF-8"?>
<!-- Generated by org.testng.reporters.JUnitReportReporter -->
<testsuite hostname="user-PC" failures="0" tests="1" name="com.medsol.testcases.TC_Frontoffice_postaldispatch_modified" time="17.078" errors="0" timestamp="2023-02-24T16:25:30 IST" skipped="0">
  <testcase classname="com.medsol.testcases.TC_Frontoffice_postaldispatch_modified" name="Frontoffice_postalreceivetest" time="17.078"/>
  <system-out/>
</testsuite> <!-- com.medsol.testcases.TC_Frontoffice_postaldispatch_modified -->
