<?xml version="1.0" encoding="UTF-8"?>
<!-- Generated by org.testng.reporters.JUnitReportReporter -->
<testsuite hostname="user-PC" failures="0" tests="1" name="com.medsol.testcases.TC_Payments_created" time="36.741" errors="0" timestamp="2023-02-13T18:06:43 IST" skipped="0">
  <testcase classname="com.medsol.testcases.TC_Payments_created" name="Paymentstest" time="36.741"/>
  <system-out/>
</testsuite> <!-- com.medsol.testcases.TC_Payments_created -->
