<?xml version="1.0" encoding="UTF-8"?>
<!-- Generated by org.testng.reporters.JUnitReportReporter -->
<testsuite hostname="user-PC" failures="0" tests="1" name="com.medsol.testcases.TC_Doctors_Doctorsdepartment_delete" time="20.795" errors="0" timestamp="2023-02-16T14:39:15 IST" skipped="0">
  <testcase classname="com.medsol.testcases.TC_Doctors_Doctorsdepartment_delete" name="Doctors_Doctorsdepartmenttest" time="20.795"/>
  <system-out/>
</testsuite> <!-- com.medsol.testcases.TC_Doctors_Doctorsdepartment_delete -->
