<?xml version="1.0" encoding="UTF-8"?>
<!-- Generated by org.testng.reporters.JUnitReportReporter -->
<testsuite hostname="user-PC" failures="0" tests="1" name="com.medsol.testcases.TC_Bloodbank_Blooddonor_modified" time="20.376" errors="0" timestamp="2023-02-16T18:11:11 IST" skipped="0">
  <testcase classname="com.medsol.testcases.TC_Bloodbank_Blooddonor_modified" name="Bloodbank_Blooddonortest" time="20.376"/>
  <system-out/>
</testsuite> <!-- com.medsol.testcases.TC_Bloodbank_Blooddonor_modified -->
