<?xml version="1.0" encoding="UTF-8"?>
<!-- Generated by org.testng.reporters.JUnitReportReporter -->
<testsuite hostname="user-PC" failures="0" tests="1" name="com.medsol.testcases.TC_Medicine_categories_delete" time="17.334" errors="0" timestamp="2023-03-10T16:01:38 IST" skipped="0">
  <testcase classname="com.medsol.testcases.TC_Medicine_categories_delete" name="Medicine_categoriespagetest" time="17.334"/>
  <system-out/>
</testsuite> <!-- com.medsol.testcases.TC_Medicine_categories_delete -->
