<?xml version="1.0" encoding="UTF-8"?>
<!-- Generated by org.testng.reporters.JUnitReportReporter -->
<testsuite hostname="user-PC" failures="0" tests="1" name="com.medsol.testcases.TC_Frontcms_testimonials_modified" time="16.816" errors="0" timestamp="2023-02-28T14:20:20 IST" skipped="0">
  <testcase classname="com.medsol.testcases.TC_Frontcms_testimonials_modified" name="Frontcms_testimonialspagetest" time="16.816"/>
  <system-out/>
</testsuite> <!-- com.medsol.testcases.TC_Frontcms_testimonials_modified -->
