<?xml version="1.0" encoding="UTF-8"?>
<!-- Generated by org.testng.reporters.JUnitReportReporter -->
<testsuite hostname="user-PC" failures="0" tests="1" name="com.medsol.testcases.TC_Finances_income_delete" time="14.987" errors="0" timestamp="2023-02-21T17:41:45 IST" skipped="0">
  <testcase classname="com.medsol.testcases.TC_Finances_income_delete" name="Finances_incomepagetest" time="14.987"/>
  <system-out/>
</testsuite> <!-- com.medsol.testcases.TC_Finances_income_delete -->
