<?xml version="1.0" encoding="UTF-8"?>
<!-- Generated by org.testng.reporters.JUnitReportReporter -->
<testsuite hostname="user-PC" failures="0" tests="1" name="com.medsol.testcases.TC_Frontoffice_postalreceive_modified" time="19.417" errors="0" timestamp="2023-02-24T14:50:50 IST" skipped="0">
  <testcase classname="com.medsol.testcases.TC_Frontoffice_postalreceive_modified" name="Frontoffice_postalreceivetest" time="19.417"/>
  <system-out/>
</testsuite> <!-- com.medsol.testcases.TC_Frontoffice_postalreceive_modified -->
