<?xml version="1.0" encoding="UTF-8"?>
<!-- Generated by org.testng.reporters.JUnitReportReporter -->
<testsuite hostname="user-PC" failures="0" tests="1" name="com.medsol.testcases.TC_Live_consultations_created" time="66.341" errors="0" timestamp="2023-03-29T16:28:18 IST" skipped="0">
  <testcase classname="com.medsol.testcases.TC_Live_consultations_created" name="Live_consultationspagetest" time="66.341"/>
  <system-out/>
</testsuite> <!-- com.medsol.testcases.TC_Live_consultations_created -->
