<?xml version="1.0" encoding="UTF-8"?>
<!-- Generated by org.testng.reporters.JUnitReportReporter -->
<testsuite hostname="user-PC" failures="0" tests="1" name="com.medsol.testcases.TC_Vaccinations_vaccinations_modified" time="19.079" errors="0" timestamp="2023-03-16T17:36:59 IST" skipped="0">
  <testcase classname="com.medsol.testcases.TC_Vaccinations_vaccinations_modified" name="Vaccinations_vaccinationspagetest" time="19.079"/>
  <system-out/>
</testsuite> <!-- com.medsol.testcases.TC_Vaccinations_vaccinations_modified -->
