<?xml version="1.0" encoding="UTF-8"?>
<!-- Generated by org.testng.reporters.JUnitReportReporter -->
<testsuite hostname="user-PC" failures="0" tests="1" name="com.medsol.testcases.TC_Services_ambulance_calls_modified" time="23.297" errors="0" timestamp="2023-03-16T14:38:31 IST" skipped="0">
  <testcase classname="com.medsol.testcases.TC_Services_ambulance_calls_modified" name="Services_ambulance_callspagetest" time="23.297"/>
  <system-out/>
</testsuite> <!-- com.medsol.testcases.TC_Services_ambulance_calls_modified -->
