<?xml version="1.0" encoding="UTF-8"?>
<!-- Generated by org.testng.reporters.JUnitReportReporter -->
<testsuite hostname="user-PC" failures="0" tests="1" name="com.medsol.testcases.TC_Pathology_pathologycategory_created" time="14.639" errors="0" timestamp="2023-03-13T17:57:27 IST" skipped="0">
  <testcase classname="com.medsol.testcases.TC_Pathology_pathologycategory_created" name="Radiology_radiologytestspagetest" time="14.639"/>
  <system-out/>
</testsuite> <!-- com.medsol.testcases.TC_Pathology_pathologycategory_created -->
