<?xml version="1.0" encoding="UTF-8"?>
<!-- Generated by org.testng.reporters.JUnitReportReporter -->
<testsuite hostname="user-PC" failures="0" tests="1" name="com.medsol.testcases.TC_Bloodbank_Bloodissues_created" time="40.947" errors="0" timestamp="2023-02-17T16:29:50 IST" skipped="0">
  <testcase classname="com.medsol.testcases.TC_Bloodbank_Bloodissues_created" name="Bloodbank_Bloodissuespagetest" time="40.947"/>
  <system-out/>
</testsuite> <!-- com.medsol.testcases.TC_Bloodbank_Bloodissues_created -->
