<?xml version="1.0" encoding="UTF-8"?>
<!-- Generated by org.testng.reporters.JUnitReportReporter -->
<testsuite hostname="user-PC" failures="0" tests="1" name="com.medsol.testcases.TC_Services_ambulance_calls_delete" time="17.153" errors="0" timestamp="2023-03-16T14:45:28 IST" skipped="0">
  <testcase classname="com.medsol.testcases.TC_Services_ambulance_calls_delete" name="Services_ambulance_callspagetest" time="17.153"/>
  <system-out/>
</testsuite> <!-- com.medsol.testcases.TC_Services_ambulance_calls_delete -->
