<?xml version="1.0" encoding="UTF-8"?>
<!-- Generated by org.testng.reporters.JUnitReportReporter -->
<testsuite hostname="user-PC" failures="0" tests="1" name="com.medsol.testcases.TC_Finances_expanses_modified" time="20.741" errors="0" timestamp="2023-02-22T12:56:02 IST" skipped="0">
  <testcase classname="com.medsol.testcases.TC_Finances_expanses_modified" name="Finances_expansepagetest" time="20.741"/>
  <system-out/>
</testsuite> <!-- com.medsol.testcases.TC_Finances_expanses_modified -->
