<?xml version="1.0" encoding="UTF-8"?>
<!-- Generated by org.testng.reporters.JUnitReportReporter -->
<testsuite hostname="user-PC" failures="0" tests="1" name="com.medsol.testcases.TC_Services_ambulances_created" time="22.203" errors="0" timestamp="2023-03-15T17:56:29 IST" skipped="0">
  <testcase classname="com.medsol.testcases.TC_Services_ambulances_created" name="Services_ambulancespagetest" time="22.203"/>
  <system-out/>
</testsuite> <!-- com.medsol.testcases.TC_Services_ambulances_created -->
