<?xml version="1.0" encoding="UTF-8"?>
<!-- Generated by org.testng.reporters.JUnitReportReporter -->
<testsuite hostname="user-PC" failures="0" tests="1" name="com.medsol.testcases.TC_Inventories_item_stocks_delete" time="17.970" errors="0" timestamp="2023-03-09T15:05:46 IST" skipped="0">
  <testcase classname="com.medsol.testcases.TC_Inventories_item_stocks_delete" name="Inventories_item_stockspagetest" time="17.970"/>
  <system-out/>
</testsuite> <!-- com.medsol.testcases.TC_Inventories_item_stocks_delete -->
