<?xml version="1.0" encoding="UTF-8"?>
<!-- Generated by org.testng.reporters.JUnitReportReporter -->
<testsuite hostname="user-PC" failures="0" tests="1" name="com.medsol.testcases.TC_Medicine_medicine_created" time="18.634" errors="0" timestamp="2023-03-13T13:10:53 IST" skipped="0">
  <testcase classname="com.medsol.testcases.TC_Medicine_medicine_created" name="Medicine_medicinepagetest" time="18.634"/>
  <system-out/>
</testsuite> <!-- com.medsol.testcases.TC_Medicine_medicine_created -->
