<?xml version="1.0" encoding="UTF-8"?>
<!-- Generated by org.testng.reporters.JUnitReportReporter -->
<testsuite hostname="user-PC" failures="0" tests="1" name="com.medsol.testcases.TC_Radiology_radiology_categories_modified" time="15.727" errors="0" timestamp="2023-03-13T14:47:00 IST" skipped="0">
  <testcase classname="com.medsol.testcases.TC_Radiology_radiology_categories_modified" name="Medicine_medicinepagetest" time="15.727"/>
  <system-out/>
</testsuite> <!-- com.medsol.testcases.TC_Radiology_radiology_categories_modified -->
