<?xml version="1.0" encoding="UTF-8"?>
<!-- Generated by org.testng.reporters.JUnitReportReporter -->
<testsuite hostname="user-PC" failures="0" tests="1" name="com.medsol.testcases.TC_Bloodbank_BloodDonations_created" time="17.201" errors="0" timestamp="2023-03-17T12:45:27 IST" skipped="0">
  <testcase classname="com.medsol.testcases.TC_Bloodbank_BloodDonations_created" name="Bloodbank_BloodDonationstest" time="17.201"/>
  <system-out/>
</testsuite> <!-- com.medsol.testcases.TC_Bloodbank_BloodDonations_created -->
