<?xml version="1.0" encoding="UTF-8"?>
<!-- Generated by org.testng.reporters.JUnitReportReporter -->
<testsuite hostname="user-PC" failures="0" tests="1" name="com.medsol.testcases.TC_Radiology_radiology_categories_created" time="12.412" errors="0" timestamp="2023-03-13T14:33:10 IST" skipped="0">
  <testcase classname="com.medsol.testcases.TC_Radiology_radiology_categories_created" name="Medicine_medicinepagetest" time="12.412"/>
  <system-out/>
</testsuite> <!-- com.medsol.testcases.TC_Radiology_radiology_categories_created -->
