<?xml version="1.0" encoding="UTF-8"?>
<!-- Generated by org.testng.reporters.JUnitReportReporter -->
<testsuite hostname="user-PC" failures="0" tests="1" name="com.medsol.testcases.TC_Vaccination_vaccinationed_patients_created" time="20.603" errors="0" timestamp="2023-03-16T18:54:23 IST" skipped="0">
  <testcase classname="com.medsol.testcases.TC_Vaccination_vaccinationed_patients_created" name="Vaccinations_vaccinated_patientspagetest" time="20.603"/>
  <system-out/>
</testsuite> <!-- com.medsol.testcases.TC_Vaccination_vaccinationed_patients_created -->
