<?xml version="1.0" encoding="UTF-8"?>
<!-- Generated by org.testng.reporters.JUnitReportReporter -->
<testsuite hostname="user-PC" failures="0" tests="1" name="com.medsol.testcases.TC_Radiology_radiologytests_delete" time="17.221" errors="0" timestamp="2023-03-13T17:39:11 IST" skipped="0">
  <testcase classname="com.medsol.testcases.TC_Radiology_radiologytests_delete" name="Radiology_radiologytestspagetest" time="17.221"/>
  <system-out/>
</testsuite> <!-- com.medsol.testcases.TC_Radiology_radiologytests_delete -->
