<?xml version="1.0" encoding="UTF-8"?>
<!-- Generated by org.testng.reporters.JUnitReportReporter -->
<testsuite hostname="user-PC" failures="0" tests="1" name="com.medsol.testcases.TC_Settings_Currencies_delete" time="43.465" errors="0" timestamp="2023-03-28T19:12:12 IST" skipped="0">
  <testcase classname="com.medsol.testcases.TC_Settings_Currencies_delete" name="Settings_Currenciespagetest" time="43.465"/>
  <system-out/>
</testsuite> <!-- com.medsol.testcases.TC_Settings_Currencies_delete -->
