<?xml version="1.0" encoding="UTF-8"?>
<!-- Generated by org.testng.reporters.JUnitReportReporter -->
<testsuite hostname="user-PC" failures="0" tests="1" name="com.medsol.testcases.TC_Billings_Advancepayment_created" time="22.881" errors="0" timestamp="2023-02-15T12:52:20 IST" skipped="0">
  <testcase classname="com.medsol.testcases.TC_Billings_Advancepayment_created" name="Billings_Advancepaymenttest" time="22.881"/>
  <system-out/>
</testsuite> <!-- com.medsol.testcases.TC_Billings_Advancepayment_created -->
