<?xml version="1.0" encoding="UTF-8"?>
<!-- Generated by org.testng.reporters.JUnitReportReporter -->
<testsuite hostname="user-PC" failures="0" tests="1" name="com.medsol.testcases.TC_FrontCms_cms_home_created" time="28.427" errors="0" timestamp="2023-03-21T14:48:21 IST" skipped="0">
  <testcase classname="com.medsol.testcases.TC_FrontCms_cms_home_created" name="FrontCms_cms_homepagetest" time="28.427"/>
  <system-out/>
</testsuite> <!-- com.medsol.testcases.TC_FrontCms_cms_home_created -->
