<?xml version="1.0" encoding="UTF-8"?>
<!-- Generated by org.testng.reporters.JUnitReportReporter -->
<testsuite hostname="user-PC" failures="0" tests="1" name="com.medsol.testcases.TC_Services_services_created" time="12.614" errors="0" timestamp="2023-03-14T14:43:35 IST" skipped="0">
  <testcase classname="com.medsol.testcases.TC_Services_services_created" name="Pathology_pathologytestspagetest" time="12.614"/>
  <system-out/>
</testsuite> <!-- com.medsol.testcases.TC_Services_services_created -->
