<?xml version="1.0" encoding="UTF-8"?>
<!-- Generated by org.testng.reporters.JUnitReportReporter -->
<testsuite hostname="user-PC" failures="0" tests="1" name="com.medsol.testcases.TC_Pathology_pathologytests_delete" time="19.659" errors="0" timestamp="2023-03-14T13:59:29 IST" skipped="0">
  <testcase classname="com.medsol.testcases.TC_Pathology_pathologytests_delete" name="Pathology_pathologytestspagetest" time="19.659"/>
  <system-out/>
</testsuite> <!-- com.medsol.testcases.TC_Pathology_pathologytests_delete -->
