<?xml version="1.0" encoding="UTF-8"?>
<!-- Generated by org.testng.reporters.JUnitReportReporter -->
<testsuite hostname="user-PC" failures="0" tests="1" name="com.medsol.testcases.TC_Services_package_delete" time="17.926" errors="0" timestamp="2023-03-15T16:28:10 IST" skipped="0">
  <testcase classname="com.medsol.testcases.TC_Services_package_delete" name="Services_packagepagetest" time="17.926"/>
  <system-out/>
</testsuite> <!-- com.medsol.testcases.TC_Services_package_delete -->
