<?xml version="1.0" encoding="UTF-8"?>
<!-- Generated by org.testng.reporters.JUnitReportReporter -->
<testsuite hostname="user-PC" failures="0" tests="1" name="com.medsol.testcases.TC_Frontcms_testimonials_created" time="32.479" errors="0" timestamp="2023-02-28T13:49:51 IST" skipped="0">
  <testcase classname="com.medsol.testcases.TC_Frontcms_testimonials_created" name="Frontcms_testimonialspagetest" time="32.479"/>
  <system-out/>
</testsuite> <!-- com.medsol.testcases.TC_Frontcms_testimonials_created -->
