<?xml version="1.0" encoding="UTF-8"?>
<!-- Generated by org.testng.reporters.JUnitReportReporter -->
<testsuite hostname="user-PC" failures="0" tests="1" name="com.medsol.testcases.TC_Document_delete" time="15.955" errors="0" timestamp="2023-02-14T18:07:47 IST" skipped="0">
  <testcase classname="com.medsol.testcases.TC_Document_delete" name="Documenttest" time="15.955"/>
  <system-out/>
</testsuite> <!-- com.medsol.testcases.TC_Document_delete -->
