<?xml version="1.0" encoding="UTF-8"?>
<!-- Generated by org.testng.reporters.JUnitReportReporter -->
<testsuite hostname="user-PC" failures="0" tests="1" name="com.medsol.testcases.TC_Inventories_item_stocks_modified" time="23.271" errors="0" timestamp="2023-03-09T14:44:29 IST" skipped="0">
  <testcase classname="com.medsol.testcases.TC_Inventories_item_stocks_modified" name="Inventories_item_stockspagetest" time="23.271"/>
  <system-out/>
</testsuite> <!-- com.medsol.testcases.TC_Inventories_item_stocks_modified -->
