<?xml version="1.0" encoding="UTF-8"?>
<!-- Generated by org.testng.reporters.JUnitReportReporter -->
<testsuite hostname="user-PC" failures="0" tests="1" name="com.medsol.testcases.TC_Inventorie_Itemscategories_delete" time="20.417" errors="0" timestamp="2023-03-07T17:25:17 IST" skipped="0">
  <testcase classname="com.medsol.testcases.TC_Inventorie_Itemscategories_delete" name="Inventorie_Itemscategoriespagetest" time="20.417"/>
  <system-out/>
</testsuite> <!-- com.medsol.testcases.TC_Inventorie_Itemscategories_delete -->
