<?xml version="1.0" encoding="UTF-8"?>
<!-- Generated by org.testng.reporters.JUnitReportReporter -->
<testsuite hostname="user-PC" failures="0" tests="1" name="com.medsol.testcases.TC_Pharmacists_created" time="30.516" errors="0" timestamp="2023-03-24T17:06:29 IST" skipped="0">
  <testcase classname="com.medsol.testcases.TC_Pharmacists_created" name="Pharmacistspagetest" time="30.516"/>
  <system-out/>
</testsuite> <!-- com.medsol.testcases.TC_Pharmacists_created -->
