<?xml version="1.0" encoding="UTF-8"?>
<!-- Generated by org.testng.reporters.JUnitReportReporter -->
<testsuite hostname="user-PC" failures="0" tests="1" name="com.medsol.testcases.TC_Patients_patients_created" time="31.804" errors="0" timestamp="2023-03-24T17:31:11 IST" skipped="0">
  <testcase classname="com.medsol.testcases.TC_Patients_patients_created" name="Patients_patientspagetest" time="31.804"/>
  <system-out/>
</testsuite> <!-- com.medsol.testcases.TC_Patients_patients_created -->
