<?xml version="1.0" encoding="UTF-8"?>
<!-- Generated by org.testng.reporters.JUnitReportReporter -->
<testsuite hostname="user-PC" failures="0" tests="1" name="com.medsol.testcases.TC_Services_ambulances_modified" time="58.160" errors="0" timestamp="2023-03-15T19:04:18 IST" skipped="0">
  <testcase classname="com.medsol.testcases.TC_Services_ambulances_modified" name="Services_ambulancespagetest" time="58.160"/>
  <system-out/>
</testsuite> <!-- com.medsol.testcases.TC_Services_ambulances_modified -->
