<?xml version="1.0" encoding="UTF-8"?>
<!-- Generated by org.testng.reporters.JUnitReportReporter -->
<testsuite hostname="user-PC" failures="0" tests="1" name="com.medsol.testcases.TC_Hospitalcharges_chargecategories_created" time="10.648" errors="0" timestamp="2023-02-28T15:28:43 IST" skipped="0">
  <testcase classname="com.medsol.testcases.TC_Hospitalcharges_chargecategories_created" name="Frontcms_testimonialspagetest" time="10.648"/>
  <system-out/>
</testsuite> <!-- com.medsol.testcases.TC_Hospitalcharges_chargecategories_created -->
