<?xml version="1.0" encoding="UTF-8"?>
<!-- Generated by org.testng.reporters.JUnitReportReporter -->
<testsuite hostname="user-PC" failures="0" tests="1" name="com.medsol.testcases.TC_Settings_Currencies_edited" time="25.299" errors="0" timestamp="2023-03-28T19:02:16 IST" skipped="0">
  <testcase classname="com.medsol.testcases.TC_Settings_Currencies_edited" name="Settings_Currenciespagetest" time="25.299"/>
  <system-out/>
</testsuite> <!-- com.medsol.testcases.TC_Settings_Currencies_edited -->
