<?xml version="1.0" encoding="UTF-8"?>
<!-- Generated by org.testng.reporters.JUnitReportReporter -->
<testsuite hostname="user-PC" failures="0" tests="1" name="com.medsol.testcases.TC_Frontoffice_calllogs_created" time="33.158" errors="0" timestamp="2023-02-22T16:40:31 IST" skipped="0">
  <testcase classname="com.medsol.testcases.TC_Frontoffice_calllogs_created" name="Frontoffice_calllogspagetest" time="33.158"/>
  <system-out/>
</testsuite> <!-- com.medsol.testcases.TC_Frontoffice_calllogs_created -->
