<?xml version="1.0" encoding="UTF-8"?>
<!-- Generated by org.testng.reporters.JUnitReportReporter -->
<testsuite hostname="user-PC" failures="0" tests="1" name="com.medsol.testcases.TC_Bloodbanktest_delete" time="12.660" errors="0" timestamp="2023-02-13T16:04:42 IST" skipped="0">
  <testcase classname="com.medsol.testcases.TC_Bloodbanktest_delete" name="Bloodbanktest" time="12.660"/>
  <system-out/>
</testsuite> <!-- com.medsol.testcases.TC_Bloodbanktest_delete -->
