<?xml version="1.0" encoding="UTF-8"?>
<!-- Generated by org.testng.reporters.JUnitReportReporter -->
<testsuite hostname="user-PC" failures="0" tests="1" name="com.medsol.testcases.TC_Finances_expanses_created" time="23.330" errors="0" timestamp="2023-02-22T11:57:05 IST" skipped="0">
  <testcase classname="com.medsol.testcases.TC_Finances_expanses_created" name="Finances_expansespagetest" time="23.330"/>
  <system-out/>
</testsuite> <!-- com.medsol.testcases.TC_Finances_expanses_created -->
