<?xml version="1.0" encoding="UTF-8"?>
<!-- Generated by org.testng.reporters.JUnitReportReporter -->
<testsuite hostname="user-PC" failures="0" tests="1" name="com.medsol.testcases.TC_Services_insurances_created" time="26.392" errors="0" timestamp="2023-03-15T11:11:24 IST" skipped="0">
  <testcase classname="com.medsol.testcases.TC_Services_insurances_created" name="Services_insurancespagetest" time="26.392"/>
  <system-out/>
</testsuite> <!-- com.medsol.testcases.TC_Services_insurances_created -->
