<?xml version="1.0" encoding="UTF-8"?>
<!-- Generated by org.testng.reporters.JUnitReportReporter -->
<testsuite hostname="user-PC" failures="0" tests="1" name="com.medsol.testcases.TC_Frontcms_Frontcmsservices_created" time="29.838" errors="0" timestamp="2023-02-24T19:19:04 IST" skipped="0">
  <testcase classname="com.medsol.testcases.TC_Frontcms_Frontcmsservices_created" name="Frontcms_Frontcmsservicespagetest" time="29.838"/>
  <system-out/>
</testsuite> <!-- com.medsol.testcases.TC_Frontcms_Frontcmsservices_created -->
