<?xml version="1.0" encoding="UTF-8"?>
<!-- Generated by org.testng.reporters.JUnitReportReporter -->
<testsuite hostname="user-PC" failures="0" tests="1" name="com.medsol.testcases.TC_Settings_Modulessetting_created" time="15.419" errors="0" timestamp="2023-03-28T16:01:44 IST" skipped="0">
  <testcase classname="com.medsol.testcases.TC_Settings_Modulessetting_created" name="Settings_Modulessettingpagetest" time="15.419"/>
  <system-out/>
</testsuite> <!-- com.medsol.testcases.TC_Settings_Modulessetting_created -->
