<?xml version="1.0" encoding="UTF-8"?>
<!-- Generated by org.testng.reporters.JUnitReportReporter -->
<testsuite hostname="user-PC" failures="0" tests="1" name="com.medsol.testcases.TC_Frontcms_noticeboard_created" time="19.980" errors="0" timestamp="2023-02-27T18:03:27 IST" skipped="0">
  <testcase classname="com.medsol.testcases.TC_Frontcms_noticeboard_created" name="Frontcms_noticeboardpagetest" time="19.980"/>
  <system-out/>
</testsuite> <!-- com.medsol.testcases.TC_Frontcms_noticeboard_created -->
