<?xml version="1.0" encoding="UTF-8"?>
<!-- Generated by org.testng.reporters.JUnitReportReporter -->
<testsuite hostname="user-PC" failures="0" tests="1" name="com.medsol.testcases.TC_Radiology_radiology_categories_delete" time="17.505" errors="0" timestamp="2023-03-13T14:58:36 IST" skipped="0">
  <testcase classname="com.medsol.testcases.TC_Radiology_radiology_categories_delete" name="Medicine_medicinepagetest" time="17.505"/>
  <system-out/>
</testsuite> <!-- com.medsol.testcases.TC_Radiology_radiology_categories_delete -->
