<?xml version="1.0" encoding="UTF-8"?>
<!-- Generated by org.testng.reporters.JUnitReportReporter -->
<testsuite hostname="user-PC" failures="0" tests="1" name="com.medsol.testcases.TC_Nurses_created" time="33.447" errors="0" timestamp="2023-03-24T17:10:18 IST" skipped="0">
  <testcase classname="com.medsol.testcases.TC_Nurses_created" name="Nursespagetest" time="33.447"/>
  <system-out/>
</testsuite> <!-- com.medsol.testcases.TC_Nurses_created -->
