<?xml version="1.0" encoding="UTF-8"?>
<!-- Generated by org.testng.reporters.JUnitReportReporter -->
<testsuite hostname="user-PC" failures="0" tests="1" name="com.medsol.testcases.TC_Medicine_categories_modified" time="68.216" errors="0" timestamp="2023-03-10T15:41:55 IST" skipped="0">
  <testcase classname="com.medsol.testcases.TC_Medicine_categories_modified" name="Medicine_categoriespagetest" time="68.216"/>
  <system-out/>
</testsuite> <!-- com.medsol.testcases.TC_Medicine_categories_modified -->
