<?xml version="1.0" encoding="UTF-8"?>
<!-- Generated by org.testng.reporters.JUnitReportReporter -->
<testsuite hostname="user-PC" failures="0" tests="1" name="com.medsol.testcases.TC_Medicine_medicinebrand_created" time="18.464" errors="0" timestamp="2023-03-10T17:05:37 IST" skipped="0">
  <testcase classname="com.medsol.testcases.TC_Medicine_medicinebrand_created" name="Medicine_medicinebrandpagetest" time="18.464"/>
  <system-out/>
</testsuite> <!-- com.medsol.testcases.TC_Medicine_medicinebrand_created -->
