<?xml version="1.0" encoding="UTF-8"?>
<!-- Generated by org.testng.reporters.JUnitReportReporter -->
<testsuite hostname="user-PC" failures="0" tests="1" name="com.medsol.testcases.TC_Services_services_delete" time="22.005" errors="0" timestamp="2023-03-14T15:38:09 IST" skipped="0">
  <testcase classname="com.medsol.testcases.TC_Services_services_delete" name="Services_servicespagetest" time="22.005"/>
  <system-out/>
</testsuite> <!-- com.medsol.testcases.TC_Services_services_delete -->
