<?xml version="1.0" encoding="UTF-8"?>
<!-- Generated by org.testng.reporters.JUnitReportReporter -->
<testsuite hostname="user-PC" failures="0" tests="1" name="com.medsol.testcases.TC_FrontCms_aboutus_created" time="19.234" errors="0" timestamp="2023-03-21T15:15:41 IST" skipped="0">
  <testcase classname="com.medsol.testcases.TC_FrontCms_aboutus_created" name="FrontCms_cms_homepagetest" time="19.234"/>
  <system-out/>
</testsuite> <!-- com.medsol.testcases.TC_FrontCms_aboutus_created -->
