<?xml version="1.0" encoding="UTF-8"?>
<!-- Generated by org.testng.reporters.JUnitReportReporter -->
<testsuite hostname="user-PC" failures="0" tests="1" name="com.medsol.testcases.TC_Hospitalcharges_chargecategories_modified" time="18.432" errors="0" timestamp="2023-02-28T16:59:31 IST" skipped="0">
  <testcase classname="com.medsol.testcases.TC_Hospitalcharges_chargecategories_modified" name="Frontcms_testimonialspagetest" time="18.432"/>
  <system-out/>
</testsuite> <!-- com.medsol.testcases.TC_Hospitalcharges_chargecategories_modified -->
