<?xml version="1.0" encoding="UTF-8"?>
<!-- Generated by org.testng.reporters.JUnitReportReporter -->
<testsuite hostname="user-PC" failures="0" tests="1" name="com.medsol.testcases.TC_Reports_investigationreports_created" time="32.878" errors="0" timestamp="2023-03-24T16:38:06 IST" skipped="0">
  <testcase classname="com.medsol.testcases.TC_Reports_investigationreports_created" name="Reports_investigationreportspagetest" time="32.878"/>
  <system-out/>
</testsuite> <!-- com.medsol.testcases.TC_Reports_investigationreports_created -->
