<?xml version="1.0" encoding="UTF-8"?>
<!-- Generated by org.testng.reporters.JUnitReportReporter -->
<testsuite hostname="user-PC" failures="0" tests="1" name="com.medsol.testcases.TC_Services_package_modified" time="32.225" errors="0" timestamp="2023-03-15T16:22:17 IST" skipped="0">
  <testcase classname="com.medsol.testcases.TC_Services_package_modified" name="Services_packagepagetest" time="32.225"/>
  <system-out/>
</testsuite> <!-- com.medsol.testcases.TC_Services_package_modified -->
