<?xml version="1.0" encoding="UTF-8"?>
<!-- Generated by org.testng.reporters.JUnitReportReporter -->
<testsuite hostname="user-PC" failures="0" tests="1" name="com.medsol.testcases.TC_Admin_created" time="22.343" errors="0" timestamp="2023-02-12T20:28:28 IST" skipped="0">
  <testcase classname="com.medsol.testcases.TC_Admin_created" name="Admintest" time="22.343"/>
  <system-out/>
</testsuite> <!-- com.medsol.testcases.TC_Admin_created -->
