<?xml version="1.0" encoding="UTF-8"?>
<!-- Generated by org.testng.reporters.JUnitReportReporter -->
<testsuite hostname="user-PC" failures="0" tests="1" name="com.medsol.testcases.TC_Hospitalcharges_charges_created" time="27.898" errors="0" timestamp="2023-03-02T12:24:49 IST" skipped="0">
  <testcase classname="com.medsol.testcases.TC_Hospitalcharges_charges_created" name="Hospitalcharges_chargespage" time="27.898"/>
  <system-out/>
</testsuite> <!-- com.medsol.testcases.TC_Hospitalcharges_charges_created -->
