<?xml version="1.0" encoding="UTF-8"?>
<!-- Generated by org.testng.reporters.JUnitReportReporter -->
<testsuite hostname="user-PC" failures="0" tests="1" name="com.medsol.testcases.TC_Frontoffice_postaldispatch_create" time="24.109" errors="0" timestamp="2023-02-24T15:39:53 IST" skipped="0">
  <testcase classname="com.medsol.testcases.TC_Frontoffice_postaldispatch_create" name="Frontoffice_postalreceivetest" time="24.109"/>
  <system-out/>
</testsuite> <!-- com.medsol.testcases.TC_Frontoffice_postaldispatch_create -->
