<?xml version="1.0" encoding="UTF-8"?>
<!-- Generated by org.testng.reporters.JUnitReportReporter -->
<testsuite hostname="user-PC" failures="0" tests="1" name="com.medsol.testcases.TC_Bloodbank_BloodDonations_delete" time="16.556" errors="0" timestamp="2023-02-17T12:43:30 IST" skipped="0">
  <testcase classname="com.medsol.testcases.TC_Bloodbank_BloodDonations_delete" name="Bloodbank_BloodDonationstest" time="16.556"/>
  <system-out/>
</testsuite> <!-- com.medsol.testcases.TC_Bloodbank_BloodDonations_delete -->
