<?xml version="1.0" encoding="UTF-8"?>
<!-- Generated by org.testng.reporters.JUnitReportReporter -->
<testsuite hostname="user-PC" failures="0" tests="1" name="com.medsol.testcases.TC_Inventories_item_modified" time="16.853" errors="0" timestamp="2023-03-09T10:53:39 IST" skipped="0">
  <testcase classname="com.medsol.testcases.TC_Inventories_item_modified" name="Inventories_itempagetest" time="16.853"/>
  <system-out/>
</testsuite> <!-- com.medsol.testcases.TC_Inventories_item_modified -->
