<?xml version="1.0" encoding="UTF-8"?>
<!-- Generated by org.testng.reporters.JUnitReportReporter -->
<testsuite hostname="user-PC" failures="0" tests="1" name="com.medsol.testcases.TC_Frontoffice_postalreceive_create" time="21.724" errors="0" timestamp="2023-02-24T12:24:23 IST" skipped="0">
  <testcase classname="com.medsol.testcases.TC_Frontoffice_postalreceive_create" name="Frontoffice_postalreceivetest" time="21.724"/>
  <system-out/>
</testsuite> <!-- com.medsol.testcases.TC_Frontoffice_postalreceive_create -->
