<?xml version="1.0" encoding="UTF-8"?>
<!-- Generated by org.testng.reporters.JUnitReportReporter -->
<testsuite hostname="user-PC" failures="0" tests="1" name="com.medsol.testcases.TC_Pathology_pathologycategory_delete" time="19.346" errors="0" timestamp="2023-03-13T19:06:32 IST" skipped="0">
  <testcase classname="com.medsol.testcases.TC_Pathology_pathologycategory_delete" name="Pathology_pathologycategorypagetest" time="19.346"/>
  <system-out/>
</testsuite> <!-- com.medsol.testcases.TC_Pathology_pathologycategory_delete -->
