<?xml version="1.0" encoding="UTF-8"?>
<!-- Generated by org.testng.reporters.JUnitReportReporter -->
<testsuite hostname="user-PC" failures="0" tests="1" name="com.medsol.testcases.TC_Patients_casehandlers_created" time="26.032" errors="0" timestamp="2023-03-23T15:36:34 IST" skipped="0">
  <testcase classname="com.medsol.testcases.TC_Patients_casehandlers_created" name="Patients_casehandlerspagetest" time="26.032"/>
  <system-out/>
</testsuite> <!-- com.medsol.testcases.TC_Patients_casehandlers_created -->
