<?xml version="1.0" encoding="UTF-8"?>
<!-- Generated by org.testng.reporters.JUnitReportReporter -->
<testsuite hostname="user-PC" failures="0" tests="1" name="com.medsol.testcases.TC_Billings_employeepayrolls_created" time="28.628" errors="0" timestamp="2023-03-24T18:32:24 IST" skipped="0">
  <testcase classname="com.medsol.testcases.TC_Billings_employeepayrolls_created" name="Billings_employeepayrollspagetest" time="28.628"/>
  <system-out/>
</testsuite> <!-- com.medsol.testcases.TC_Billings_employeepayrolls_created -->
