<?xml version="1.0" encoding="UTF-8"?>
<!-- Generated by org.testng.reporters.JUnitReportReporter -->
<testsuite hostname="user-PC" failures="0" tests="1" name="com.medsol.testcases.TC_Services_insurances_modified" time="21.300" errors="0" timestamp="2023-03-15T12:38:20 IST" skipped="0">
  <testcase classname="com.medsol.testcases.TC_Services_insurances_modified" name="Services_insurancespagetest" time="21.300"/>
  <system-out/>
</testsuite> <!-- com.medsol.testcases.TC_Services_insurances_modified -->
