<?xml version="1.0" encoding="UTF-8"?>
<!-- Generated by org.testng.reporters.JUnitReportReporter -->
<testsuite hostname="user-PC" failures="0" tests="1" name="com.medsol.testcases.TC_Medicine_categories_created" time="21.968" errors="0" timestamp="2023-03-10T15:27:50 IST" skipped="0">
  <testcase classname="com.medsol.testcases.TC_Medicine_categories_created" name="Medicine_categoriespagetest" time="21.968"/>
  <system-out/>
</testsuite> <!-- com.medsol.testcases.TC_Medicine_categories_created -->
