<?xml version="1.0" encoding="UTF-8"?>
<!-- Generated by org.testng.reporters.JUnitReportReporter -->
<testsuite hostname="user-PC" failures="0" tests="1" name="com.medsol.testcases.TC_Pathology_pathologytests_modified" time="24.677" errors="0" timestamp="2023-03-14T13:53:27 IST" skipped="0">
  <testcase classname="com.medsol.testcases.TC_Pathology_pathologytests_modified" name="Pathology_pathologytestspagetest" time="24.677"/>
  <system-out/>
</testsuite> <!-- com.medsol.testcases.TC_Pathology_pathologytests_modified -->
