<?xml version="1.0" encoding="UTF-8"?>
<!-- Generated by org.testng.reporters.JUnitReportReporter -->
<testsuite hostname="user-PC" failures="0" tests="1" name="com.medsol.testcases.TC_Opd_created" time="18.699" errors="0" timestamp="2023-03-07T16:26:20 IST" skipped="0">
  <testcase classname="com.medsol.testcases.TC_Opd_created" name="Opdpagetest" time="18.699"/>
  <system-out/>
</testsuite> <!-- com.medsol.testcases.TC_Opd_created -->
