<?xml version="1.0" encoding="UTF-8"?>
<!-- Generated by org.testng.reporters.JUnitReportReporter -->
<testsuite hostname="user-PC" failures="0" tests="1" name="com.medsol.testcases.TC_Inventorie_Itemscategories_modified" time="14.788" errors="0" timestamp="2023-03-07T17:07:38 IST" skipped="0">
  <testcase classname="com.medsol.testcases.TC_Inventorie_Itemscategories_modified" name="Inventorie_Itemscategoriespagetest" time="14.788"/>
  <system-out/>
</testsuite> <!-- com.medsol.testcases.TC_Inventorie_Itemscategories_modified -->
