<?xml version="1.0" encoding="UTF-8"?>
<!-- Generated by org.testng.reporters.JUnitReportReporter -->
<testsuite hostname="user-PC" failures="0" tests="1" name="com.medsol.testcases.TC_Reports_deathReports_created" time="20.259" errors="0" timestamp="2023-03-24T12:59:02 IST" skipped="0">
  <testcase classname="com.medsol.testcases.TC_Reports_deathReports_created" name="Reports_deathReportspagetest" time="20.259"/>
  <system-out/>
</testsuite> <!-- com.medsol.testcases.TC_Reports_deathReports_created -->
