<?xml version="1.0" encoding="UTF-8"?>
<!-- Generated by org.testng.reporters.JUnitReportReporter -->
<testsuite hostname="user-PC" failures="0" tests="1" name="com.medsol.testcases.TC_Inventories_item_created" time="36.536" errors="0" timestamp="2023-03-07T18:21:22 IST" skipped="0">
  <testcase classname="com.medsol.testcases.TC_Inventories_item_created" name="Inventories_itempagetest" time="36.536"/>
  <system-out/>
</testsuite> <!-- com.medsol.testcases.TC_Inventories_item_created -->
