<?xml version="1.0" encoding="UTF-8"?>
<!-- Generated by org.testng.reporters.JUnitReportReporter -->
<testsuite hostname="user-PC" failures="0" tests="1" name="com.medsol.testcases.TC_Invoice_delete" time="15.927" errors="0" timestamp="2023-02-13T15:31:56 IST" skipped="0">
  <testcase classname="com.medsol.testcases.TC_Invoice_delete" name="Invoicedelete" time="15.927"/>
  <system-out/>
</testsuite> <!-- com.medsol.testcases.TC_Invoice_delete -->
