<?xml version="1.0" encoding="UTF-8"?>
<!-- Generated by org.testng.reporters.JUnitReportReporter -->
<testsuite hostname="user-PC" failures="0" tests="1" name="com.medsol.testcases.TC_Medicine_medicine_modified" time="193.036" errors="0" timestamp="2023-03-13T13:57:35 IST" skipped="0">
  <testcase classname="com.medsol.testcases.TC_Medicine_medicine_modified" name="Medicine_medicinepagetest" time="193.036"/>
  <system-out/>
</testsuite> <!-- com.medsol.testcases.TC_Medicine_medicine_modified -->
