<?xml version="1.0" encoding="UTF-8"?>
<!-- Generated by org.testng.reporters.JUnitReportReporter -->
<testsuite hostname="user-PC" failures="0" tests="1" name="com.medsol.testcases.TC_Logintest_001" time="10.596" errors="0" timestamp="2023-02-01T17:35:39 IST" skipped="0">
  <testcase classname="com.medsol.testcases.TC_Logintest_001" name="logintest" time="10.596"/>
  <system-out/>
</testsuite> <!-- com.medsol.testcases.TC_Logintest_001 -->
