<?xml version="1.0" encoding="UTF-8"?>
<!-- Generated by org.testng.reporters.JUnitReportReporter -->
<testsuite hostname="user-PC" failures="0" tests="1" name="com.medsol.testcases.TC_Medicine_medicinebrand_delete" time="17.275" errors="0" timestamp="2023-03-10T17:33:02 IST" skipped="0">
  <testcase classname="com.medsol.testcases.TC_Medicine_medicinebrand_delete" name="Medicine_medicinebrandpagetest" time="17.275"/>
  <system-out/>
</testsuite> <!-- com.medsol.testcases.TC_Medicine_medicinebrand_delete -->
