<?xml version="1.0" encoding="UTF-8"?>
<!-- Generated by org.testng.reporters.JUnitReportReporter -->
<testsuite hostname="user-PC" failures="0" tests="1" name="com.medsol.testcases.TC_Receptionists_created" time="37.395" errors="0" timestamp="2023-03-24T17:15:57 IST" skipped="0">
  <testcase classname="com.medsol.testcases.TC_Receptionists_created" name="Receptionistspagetest" time="37.395"/>
  <system-out/>
</testsuite> <!-- com.medsol.testcases.TC_Receptionists_created -->
