<?xml version="1.0" encoding="UTF-8"?>
<!-- Generated by org.testng.reporters.JUnitReportReporter -->
<testsuite hostname="user-PC" failures="0" tests="1" name="com.medsol.testcases.TC_Diagnosis_Diagnosiscategory_created" time="17.182" errors="0" timestamp="2023-02-17T17:10:50 IST" skipped="0">
  <testcase classname="com.medsol.testcases.TC_Diagnosis_Diagnosiscategory_created" name="Diagnosis_Diagnosiscategorypagetest" time="17.182"/>
  <system-out/>
</testsuite> <!-- com.medsol.testcases.TC_Diagnosis_Diagnosiscategory_created -->
