<?xml version="1.0" encoding="UTF-8"?>
<!-- Generated by org.testng.reporters.JUnitReportReporter -->
<testsuite hostname="user-PC" failures="0" tests="1" name="com.medsol.testcases.TC_Hospitalcharges_chargecategories_delete" time="33.154" errors="0" timestamp="2023-02-28T17:10:02 IST" skipped="0">
  <testcase classname="com.medsol.testcases.TC_Hospitalcharges_chargecategories_delete" name="Frontcms_testimonialspagetest" time="33.154"/>
  <system-out/>
</testsuite> <!-- com.medsol.testcases.TC_Hospitalcharges_chargecategories_delete -->
